[2018-04-17 13:59:16.4103]
请求地址：/WebAPI/api/todos/load/81f79a09-6ab4-483b-9e9f-7697449adfc3?_=1523944756207,提交参数：
[2018-04-17 14:03:02.7660]
请求地址：/WebAPI/api/todos/query,提交参数：{"TaskType":"1","TaskTitle":"","TimeRange":" ","PageIndex":2,"PageSize":10}
[2018-04-17 14:03:07.4032]
请求地址：/WebAPI/api/tasks/query,提交参数：{"TaskTitle":null,"TaskCreatorLoginName":null,"IsOnlySelf":true,"TimeRange":"","TaskType":1,"TaskStatus":"","PageIndex":1,"PageSize":10}
[2018-04-17 14:03:09.2908]
请求地址：/WebAPI/api/tasks/load/75fb4df6-0133-edb1-112a-8c6a32c3e8b2,提交参数：
[2018-04-17 14:03:09.3079]
请求地址：/WebAPI/api/usernodes/query,提交参数：{"LoginOrName":"","Status":"0","TaskID":"75fb4df6-0133-edb1-112a-8c6a32c3e8b2"}
[2018-04-17 14:03:15.8089]
请求地址：/WebAPI/api/tasks/query,提交参数：{"TaskTitle":null,"TaskCreatorLoginName":null,"IsOnlySelf":true,"TimeRange":"","TaskType":1,"TaskStatus":"","PageIndex":1,"PageSize":10}
[2018-04-17 14:03:25.5154]
请求地址：/WebAPI/api/tasks/query,提交参数：{"TaskTitle":null,"TaskCreatorLoginName":null,"IsOnlySelf":true,"TimeRange":"","TaskType":1,"TaskStatus":"","PageIndex":2,"PageSize":10}
[2018-04-17 14:03:25.5304]
请求地址：/WebAPI/api/tasks/query,提交参数：{"TaskTitle":null,"TaskCreatorLoginName":null,"IsOnlySelf":true,"TimeRange":"","TaskType":1,"TaskStatus":"","PageIndex":2,"PageSize":10}
[2018-04-17 14:03:45.2769]
请求地址：/WebAPI/api/tasks/load/a147115d-2133-edb6-f912-16f79d74161f,提交参数：
[2018-04-17 14:03:45.2779]
请求地址：/WebAPI/api/usernodes/query,提交参数：{"LoginOrName":"","Status":"0","TaskID":"a147115d-2133-edb6-f912-16f79d74161f"}
[2018-04-17 14:36:00.7755]
请求地址：/WebAPI/api/todos/load/3037456f-a7dc-41aa-8c87-03f67f81ab72?_=1523946957179,提交参数：
[2018-04-17 14:36:36.2205]
请求地址：/WebAPI/api/todos/load/3037456f-a7dc-41aa-8c87-03f67f81ab72?_=1523946994045,提交参数：
[2018-04-17 14:40:42.3785]
请求地址：/WebAPI/api/todos/load/3037456f-a7dc-41aa-8c87-03f67f81ab72?_=1523947242222,提交参数：
[2018-04-17 14:40:54.0012]
请求地址：/WebAPI/api/todos/load/3037456f-a7dc-41aa-8c87-03f67f81ab72?_=1523947252601,提交参数：
[2018-04-17 14:41:09.3255]
请求地址：/WebAPI/api/todos/load/3037456f-a7dc-41aa-8c87-03f67f81ab72?_=1523947269146,提交参数：
[2018-04-17 14:41:58.1530]
请求地址：/WebAPI/api/todos/load/3037456f-a7dc-41aa-8c87-03f67f81ab72?_=1523947317948,提交参数：
[2018-04-17 14:42:45.2180]
请求地址：/WebAPI/api/todos/load/3037456f-a7dc-41aa-8c87-03f67f81ab72?_=1523947365054,提交参数：
[2018-04-17 14:42:58.6836]
请求地址：/WebAPI/api/todos/load/3037456f-a7dc-41aa-8c87-03f67f81ab72?_=1523947378539,提交参数：
[2018-04-17 14:43:43.0929]
请求地址：/WebAPI/api/todos/load/3037456f-a7dc-41aa-8c87-03f67f81ab72?_=1523947415041,提交参数：
[2018-04-17 14:44:43.3166]
请求地址：/WebAPI/api/todos/load/3037456f-a7dc-41aa-8c87-03f67f81ab72?_=1523947483127,提交参数：
[2018-04-17 14:48:14.0696]
请求地址：/WebAPI/api/todos/load/3037456f-a7dc-41aa-8c87-03f67f81ab72?_=1523947690904,提交参数：
[2018-04-17 14:48:45.8283]
请求地址：/WebAPI/api/todos/load/3037456f-a7dc-41aa-8c87-03f67f81ab72?_=1523947725669,提交参数：
[2018-04-17 14:49:11.8692]
请求地址：/WebAPI/api/todos/load/3037456f-a7dc-41aa-8c87-03f67f81ab72?_=1523947751719,提交参数：
[2018-04-17 14:51:45.6797]
请求地址：/WebAPI/api/todos/load/3037456f-a7dc-41aa-8c87-03f67f81ab72?_=1523947893739,提交参数：
[2018-04-17 14:53:35.6650]
请求地址：/WebAPI/api/todos/load/3037456f-a7dc-41aa-8c87-03f67f81ab72?_=1523948015503,提交参数：
[2018-04-17 14:54:06.7743]
请求地址：/WebAPI/api/todos/load/3037456f-a7dc-41aa-8c87-03f67f81ab72?_=1523948045892,提交参数：
