[2018-02-13 10:48:35.6085]ERROR
异常代码：{0x554b0ffc,0xf730,0x4364,{0x86,0x37,0x19,0x58,0xd9,0xc7,0xf0,0x2d}}
System.Exception: 文件上传失败：找不到网络路径。
，   在 System.IO.__Error.WinIOError(Int32 errorCode, String maybeFullPath)
   在 System.IO.FileStream.Init(String path, FileMode mode, FileAccess access, Int32 rights, Boolean useRights, FileShare share, Int32 bufferSize, FileOptions options, SECURITY_ATTRIBUTES secAttrs, String msgPath, Boolean bFromProxy, Boolean useLongPath, Boolean checkHost)
   在 System.IO.FileStream..ctor(String path, FileMode mode, FileAccess access, FileShare share, Int32 bufferSize, FileOptions options, String msgPath, Boolean bFromProxy, Boolean useLongPath, Boolean checkHost)
   在 System.IO.File.InternalReadAllBytes(String path, Boolean checkHost)
   在 Plugin.Storage.NASStorageProvider.LoadFile(String fileAddress) 位置 H:\work\LJTH\sjsj\code\LJTH\RCSJSJ\01.SourceCode\01.Solution\06.Plugin\06.Storage\NASStorageProvider.cs:行号 70
   在 Lib.Common.FileUploadHelper.DownLoadFileStream(String fileCode, Boolean isUseV1) 位置 H:\work\LJTH\sjsj\code\LJTH\RCSJSJ\01.SourceCode\01.Solution\02.Lib\00.Common\UploadHelper.cs:行号 152
   在 Lib.Common.FileUploadHelper.DownLoadFileStream(String fileCode, Boolean isUseV1) 位置 H:\work\LJTH\sjsj\code\LJTH\RCSJSJ\01.SourceCode\01.Solution\02.Lib\00.Common\UploadHelper.cs:行号 157
   在 Lib.BLL.Builder.TaskCollectionDataBuilder.BuildData(Boolean c1, Boolean c2, Boolean c3, Boolean c4, String& fileExt) 位置 H:\work\LJTH\sjsj\code\LJTH\RCSJSJ\01.SourceCode\01.Solution\02.Lib\04.BLL\Builder\TaskCollectionDataBuilder.cs:行号 32
   在 WebApplication.WebAPI.Controllers.TasksController.LoadSummaryData(String taskId, String corp, String org, String name, String username) 位置 H:\work\LJTH\sjsj\code\LJTH\RCSJSJ\01.SourceCode\01.Solution\04.WebApplication\01.WebAPI\Controllers\TasksController.cs:行号 337
   在 lambda_method(Closure , Object , Object[] )
   在 System.Web.Http.Controllers.ReflectedHttpActionDescriptor.ActionExecutor.<>c__DisplayClass10.<GetExecutor>b__9(Object instance, Object[] methodParameters)
   在 System.Web.Http.Controllers.ReflectedHttpActionDescriptor.ExecuteAsync(HttpControllerContext controllerContext, IDictionary`2 arguments, CancellationToken cancellationToken)
--- 引发异常的上一位置中堆栈跟踪的末尾 ---
   在 System.Runtime.ExceptionServices.ExceptionDispatchInfo.Throw()
   在 System.Runtime.CompilerServices.TaskAwaiter.HandleNonSuccessAndDebuggerNotification(Task task)
   在 System.Web.Http.Controllers.ApiControllerActionInvoker.<InvokeActionAsyncCore>d__0.MoveNext()
--- 引发异常的上一位置中堆栈跟踪的末尾 ---
   在 System.Runtime.ExceptionServices.ExceptionDispatchInfo.Throw()
   在 System.Runtime.CompilerServices.TaskAwaiter.HandleNonSuccessAndDebuggerNotification(Task task)
   在 System.Web.Http.Filters.ActionFilterAttribute.<CallOnActionExecutedAsync>d__5.MoveNext()
--- 引发异常的上一位置中堆栈跟踪的末尾 ---
   在 System.Runtime.ExceptionServices.ExceptionDispatchInfo.Throw()
   在 System.Web.Http.Filters.ActionFilterAttribute.<CallOnActionExecutedAsync>d__5.MoveNext()
--- 引发异常的上一位置中堆栈跟踪的末尾 ---
   在 System.Runtime.ExceptionServices.ExceptionDispatchInfo.Throw()
   在 System.Runtime.CompilerServices.TaskAwaiter.HandleNonSuccessAndDebuggerNotification(Task task)
   在 System.Web.Http.Filters.ActionFilterAttribute.<ExecuteActionFilterAsyncCore>d__0.MoveNext()
--- 引发异常的上一位置中堆栈跟踪的末尾 ---
   在 System.Runtime.ExceptionServices.ExceptionDispatchInfo.Throw()
   在 System.Runtime.CompilerServices.TaskAwaiter.HandleNonSuccessAndDebuggerNotification(Task task)
   在 System.Web.Http.Controllers.ActionFilterResult.<ExecuteAsync>d__2.MoveNext()
--- 引发异常的上一位置中堆栈跟踪的末尾 ---
   在 System.Runtime.ExceptionServices.ExceptionDispatchInfo.Throw()
   在 System.Runtime.CompilerServices.TaskAwaiter.HandleNonSuccessAndDebuggerNotification(Task task)
   在 System.Web.Http.Controllers.ExceptionFilterResult.<ExecuteAsync>d__0.MoveNext()
[2018-02-13 10:48:35.6085]ERROR
异常代码：{0x448933cf,0xb734,0x4ac3,{0x9f,0x07,0x8d,0x21,0x20,0xc7,0x82,0x58}}
System.Exception: 文件上传失败：找不到网络路径。
，   在 System.IO.__Error.WinIOError(Int32 errorCode, String maybeFullPath)
   在 System.IO.FileStream.Init(String path, FileMode mode, FileAccess access, Int32 rights, Boolean useRights, FileShare share, Int32 bufferSize, FileOptions options, SECURITY_ATTRIBUTES secAttrs, String msgPath, Boolean bFromProxy, Boolean useLongPath, Boolean checkHost)
   在 System.IO.FileStream..ctor(String path, FileMode mode, FileAccess access, FileShare share, Int32 bufferSize, FileOptions options, String msgPath, Boolean bFromProxy, Boolean useLongPath, Boolean checkHost)
   在 System.IO.File.InternalReadAllBytes(String path, Boolean checkHost)
   在 Plugin.Storage.NASStorageProvider.LoadFile(String fileAddress) 位置 H:\work\LJTH\sjsj\code\LJTH\RCSJSJ\01.SourceCode\01.Solution\06.Plugin\06.Storage\NASStorageProvider.cs:行号 70
   在 Lib.Common.FileUploadHelper.DownLoadFileStream(String fileCode, Boolean isUseV1) 位置 H:\work\LJTH\sjsj\code\LJTH\RCSJSJ\01.SourceCode\01.Solution\02.Lib\00.Common\UploadHelper.cs:行号 152
   在 Lib.Common.FileUploadHelper.DownLoadFileStream(String fileCode, Boolean isUseV1) 位置 H:\work\LJTH\sjsj\code\LJTH\RCSJSJ\01.SourceCode\01.Solution\02.Lib\00.Common\UploadHelper.cs:行号 157
   在 Lib.BLL.Builder.TaskCollectionDataBuilder.BuildData(Boolean c1, Boolean c2, Boolean c3, Boolean c4, String& fileExt) 位置 H:\work\LJTH\sjsj\code\LJTH\RCSJSJ\01.SourceCode\01.Solution\02.Lib\04.BLL\Builder\TaskCollectionDataBuilder.cs:行号 32
   在 WebApplication.WebAPI.Controllers.TasksController.LoadSummaryData(String taskId, String corp, String org, String name, String username) 位置 H:\work\LJTH\sjsj\code\LJTH\RCSJSJ\01.SourceCode\01.Solution\04.WebApplication\01.WebAPI\Controllers\TasksController.cs:行号 337
   在 lambda_method(Closure , Object , Object[] )
   在 System.Web.Http.Controllers.ReflectedHttpActionDescriptor.ActionExecutor.<>c__DisplayClass10.<GetExecutor>b__9(Object instance, Object[] methodParameters)
   在 System.Web.Http.Controllers.ReflectedHttpActionDescriptor.ExecuteAsync(HttpControllerContext controllerContext, IDictionary`2 arguments, CancellationToken cancellationToken)
--- 引发异常的上一位置中堆栈跟踪的末尾 ---
   在 System.Runtime.ExceptionServices.ExceptionDispatchInfo.Throw()
   在 System.Runtime.CompilerServices.TaskAwaiter.HandleNonSuccessAndDebuggerNotification(Task task)
   在 System.Web.Http.Controllers.ApiControllerActionInvoker.<InvokeActionAsyncCore>d__0.MoveNext()
--- 引发异常的上一位置中堆栈跟踪的末尾 ---
   在 System.Runtime.ExceptionServices.ExceptionDispatchInfo.Throw()
   在 System.Runtime.CompilerServices.TaskAwaiter.HandleNonSuccessAndDebuggerNotification(Task task)
   在 System.Web.Http.Filters.ActionFilterAttribute.<CallOnActionExecutedAsync>d__5.MoveNext()
--- 引发异常的上一位置中堆栈跟踪的末尾 ---
   在 System.Runtime.ExceptionServices.ExceptionDispatchInfo.Throw()
   在 System.Web.Http.Filters.ActionFilterAttribute.<CallOnActionExecutedAsync>d__5.MoveNext()
--- 引发异常的上一位置中堆栈跟踪的末尾 ---
   在 System.Runtime.ExceptionServices.ExceptionDispatchInfo.Throw()
   在 System.Runtime.CompilerServices.TaskAwaiter.HandleNonSuccessAndDebuggerNotification(Task task)
   在 System.Web.Http.Filters.ActionFilterAttribute.<ExecuteActionFilterAsyncCore>d__0.MoveNext()
--- 引发异常的上一位置中堆栈跟踪的末尾 ---
   在 System.Runtime.ExceptionServices.ExceptionDispatchInfo.Throw()
   在 System.Runtime.CompilerServices.TaskAwaiter.HandleNonSuccessAndDebuggerNotification(Task task)
   在 System.Web.Http.Controllers.ActionFilterResult.<ExecuteAsync>d__2.MoveNext()
--- 引发异常的上一位置中堆栈跟踪的末尾 ---
   在 System.Runtime.ExceptionServices.ExceptionDispatchInfo.Throw()
   在 System.Runtime.CompilerServices.TaskAwaiter.HandleNonSuccessAndDebuggerNotification(Task task)
   在 System.Web.Http.Controllers.ExceptionFilterResult.<ExecuteAsync>d__0.MoveNext()
[2018-02-13 10:48:35.6085]ERROR
异常代码：{0xef9ac939,0xef3b,0x4fab,{0xb9,0x77,0x97,0x79,0x25,0xee,0x39,0x61}}
System.Exception: 文件上传失败：找不到网络路径。
，   在 System.IO.__Error.WinIOError(Int32 errorCode, String maybeFullPath)
   在 System.IO.FileStream.Init(String path, FileMode mode, FileAccess access, Int32 rights, Boolean useRights, FileShare share, Int32 bufferSize, FileOptions options, SECURITY_ATTRIBUTES secAttrs, String msgPath, Boolean bFromProxy, Boolean useLongPath, Boolean checkHost)
   在 System.IO.FileStream..ctor(String path, FileMode mode, FileAccess access, FileShare share, Int32 bufferSize, FileOptions options, String msgPath, Boolean bFromProxy, Boolean useLongPath, Boolean checkHost)
   在 System.IO.File.InternalReadAllBytes(String path, Boolean checkHost)
   在 Plugin.Storage.NASStorageProvider.LoadFile(String fileAddress) 位置 H:\work\LJTH\sjsj\code\LJTH\RCSJSJ\01.SourceCode\01.Solution\06.Plugin\06.Storage\NASStorageProvider.cs:行号 70
   在 Lib.Common.FileUploadHelper.DownLoadFileStream(String fileCode, Boolean isUseV1) 位置 H:\work\LJTH\sjsj\code\LJTH\RCSJSJ\01.SourceCode\01.Solution\02.Lib\00.Common\UploadHelper.cs:行号 152
   在 Lib.Common.FileUploadHelper.DownLoadFileStream(String fileCode, Boolean isUseV1) 位置 H:\work\LJTH\sjsj\code\LJTH\RCSJSJ\01.SourceCode\01.Solution\02.Lib\00.Common\UploadHelper.cs:行号 157
   在 Lib.BLL.Builder.TaskCollectionDataBuilder.BuildData(Boolean c1, Boolean c2, Boolean c3, Boolean c4, String& fileExt) 位置 H:\work\LJTH\sjsj\code\LJTH\RCSJSJ\01.SourceCode\01.Solution\02.Lib\04.BLL\Builder\TaskCollectionDataBuilder.cs:行号 32
   在 WebApplication.WebAPI.Controllers.TasksController.LoadSummaryData(String taskId, String corp, String org, String name, String username) 位置 H:\work\LJTH\sjsj\code\LJTH\RCSJSJ\01.SourceCode\01.Solution\04.WebApplication\01.WebAPI\Controllers\TasksController.cs:行号 337
   在 lambda_method(Closure , Object , Object[] )
   在 System.Web.Http.Controllers.ReflectedHttpActionDescriptor.ActionExecutor.<>c__DisplayClass10.<GetExecutor>b__9(Object instance, Object[] methodParameters)
   在 System.Web.Http.Controllers.ReflectedHttpActionDescriptor.ExecuteAsync(HttpControllerContext controllerContext, IDictionary`2 arguments, CancellationToken cancellationToken)
--- 引发异常的上一位置中堆栈跟踪的末尾 ---
   在 System.Runtime.ExceptionServices.ExceptionDispatchInfo.Throw()
   在 System.Runtime.CompilerServices.TaskAwaiter.HandleNonSuccessAndDebuggerNotification(Task task)
   在 System.Web.Http.Controllers.ApiControllerActionInvoker.<InvokeActionAsyncCore>d__0.MoveNext()
--- 引发异常的上一位置中堆栈跟踪的末尾 ---
   在 System.Runtime.ExceptionServices.ExceptionDispatchInfo.Throw()
   在 System.Runtime.CompilerServices.TaskAwaiter.HandleNonSuccessAndDebuggerNotification(Task task)
   在 System.Web.Http.Filters.ActionFilterAttribute.<CallOnActionExecutedAsync>d__5.MoveNext()
--- 引发异常的上一位置中堆栈跟踪的末尾 ---
   在 System.Runtime.ExceptionServices.ExceptionDispatchInfo.Throw()
   在 System.Web.Http.Filters.ActionFilterAttribute.<CallOnActionExecutedAsync>d__5.MoveNext()
--- 引发异常的上一位置中堆栈跟踪的末尾 ---
   在 System.Runtime.ExceptionServices.ExceptionDispatchInfo.Throw()
   在 System.Runtime.CompilerServices.TaskAwaiter.HandleNonSuccessAndDebuggerNotification(Task task)
   在 System.Web.Http.Filters.ActionFilterAttribute.<ExecuteActionFilterAsyncCore>d__0.MoveNext()
--- 引发异常的上一位置中堆栈跟踪的末尾 ---
   在 System.Runtime.ExceptionServices.ExceptionDispatchInfo.Throw()
   在 System.Runtime.CompilerServices.TaskAwaiter.HandleNonSuccessAndDebuggerNotification(Task task)
   在 System.Web.Http.Controllers.ActionFilterResult.<ExecuteAsync>d__2.MoveNext()
--- 引发异常的上一位置中堆栈跟踪的末尾 ---
   在 System.Runtime.ExceptionServices.ExceptionDispatchInfo.Throw()
   在 System.Runtime.CompilerServices.TaskAwaiter.HandleNonSuccessAndDebuggerNotification(Task task)
   在 System.Web.Http.Controllers.ExceptionFilterResult.<ExecuteAsync>d__0.MoveNext()
[2018-02-13 10:49:30.0608]ERROR
异常代码：{0xaa0044fd,0xb921,0x4bb1,{0x99,0xd2,0x0c,0xef,0x1e,0xb5,0x7d,0xf7}}
System.Exception: 文件上传失败：找不到网络路径。
，   在 System.IO.__Error.WinIOError(Int32 errorCode, String maybeFullPath)
   在 System.IO.FileStream.Init(String path, FileMode mode, FileAccess access, Int32 rights, Boolean useRights, FileShare share, Int32 bufferSize, FileOptions options, SECURITY_ATTRIBUTES secAttrs, String msgPath, Boolean bFromProxy, Boolean useLongPath, Boolean checkHost)
   在 System.IO.FileStream..ctor(String path, FileMode mode, FileAccess access, FileShare share, Int32 bufferSize, FileOptions options, String msgPath, Boolean bFromProxy, Boolean useLongPath, Boolean checkHost)
   在 System.IO.File.InternalReadAllBytes(String path, Boolean checkHost)
   在 Plugin.Storage.NASStorageProvider.LoadFile(String fileAddress) 位置 H:\work\LJTH\sjsj\code\LJTH\RCSJSJ\01.SourceCode\01.Solution\06.Plugin\06.Storage\NASStorageProvider.cs:行号 70
   在 Lib.Common.FileUploadHelper.DownLoadFileStream(String fileCode, Boolean isUseV1) 位置 H:\work\LJTH\sjsj\code\LJTH\RCSJSJ\01.SourceCode\01.Solution\02.Lib\00.Common\UploadHelper.cs:行号 152
   在 Lib.Common.FileUploadHelper.DownLoadFileStream(String fileCode, Boolean isUseV1) 位置 H:\work\LJTH\sjsj\code\LJTH\RCSJSJ\01.SourceCode\01.Solution\02.Lib\00.Common\UploadHelper.cs:行号 157
   在 Lib.BLL.Builder.TaskCollectionDataBuilder.BuildData(Boolean c1, Boolean c2, Boolean c3, Boolean c4, String& fileExt) 位置 H:\work\LJTH\sjsj\code\LJTH\RCSJSJ\01.SourceCode\01.Solution\02.Lib\04.BLL\Builder\TaskCollectionDataBuilder.cs:行号 32
   在 WebApplication.WebAPI.Controllers.TasksController.LoadSummaryData(String taskId, String corp, String org, String name, String username) 位置 H:\work\LJTH\sjsj\code\LJTH\RCSJSJ\01.SourceCode\01.Solution\04.WebApplication\01.WebAPI\Controllers\TasksController.cs:行号 337
   在 lambda_method(Closure , Object , Object[] )
   在 System.Web.Http.Controllers.ReflectedHttpActionDescriptor.ActionExecutor.<>c__DisplayClass10.<GetExecutor>b__9(Object instance, Object[] methodParameters)
   在 System.Web.Http.Controllers.ReflectedHttpActionDescriptor.ExecuteAsync(HttpControllerContext controllerContext, IDictionary`2 arguments, CancellationToken cancellationToken)
--- 引发异常的上一位置中堆栈跟踪的末尾 ---
   在 System.Runtime.ExceptionServices.ExceptionDispatchInfo.Throw()
   在 System.Runtime.CompilerServices.TaskAwaiter.HandleNonSuccessAndDebuggerNotification(Task task)
   在 System.Web.Http.Controllers.ApiControllerActionInvoker.<InvokeActionAsyncCore>d__0.MoveNext()
--- 引发异常的上一位置中堆栈跟踪的末尾 ---
   在 System.Runtime.ExceptionServices.ExceptionDispatchInfo.Throw()
   在 System.Runtime.CompilerServices.TaskAwaiter.HandleNonSuccessAndDebuggerNotification(Task task)
   在 System.Web.Http.Filters.ActionFilterAttribute.<CallOnActionExecutedAsync>d__5.MoveNext()
--- 引发异常的上一位置中堆栈跟踪的末尾 ---
   在 System.Runtime.ExceptionServices.ExceptionDispatchInfo.Throw()
   在 System.Web.Http.Filters.ActionFilterAttribute.<CallOnActionExecutedAsync>d__5.MoveNext()
--- 引发异常的上一位置中堆栈跟踪的末尾 ---
   在 System.Runtime.ExceptionServices.ExceptionDispatchInfo.Throw()
   在 System.Runtime.CompilerServices.TaskAwaiter.HandleNonSuccessAndDebuggerNotification(Task task)
   在 System.Web.Http.Filters.ActionFilterAttribute.<ExecuteActionFilterAsyncCore>d__0.MoveNext()
--- 引发异常的上一位置中堆栈跟踪的末尾 ---
   在 System.Runtime.ExceptionServices.ExceptionDispatchInfo.Throw()
   在 System.Runtime.CompilerServices.TaskAwaiter.HandleNonSuccessAndDebuggerNotification(Task task)
   在 System.Web.Http.Controllers.ActionFilterResult.<ExecuteAsync>d__2.MoveNext()
--- 引发异常的上一位置中堆栈跟踪的末尾 ---
   在 System.Runtime.ExceptionServices.ExceptionDispatchInfo.Throw()
   在 System.Runtime.CompilerServices.TaskAwaiter.HandleNonSuccessAndDebuggerNotification(Task task)
   在 System.Web.Http.Controllers.ExceptionFilterResult.<ExecuteAsync>d__0.MoveNext()
